#
# A fatal error has been detected by the Java Runtime Environment:
#
#  EXCEPTION_ACCESS_VIOLATION (0xc0000005) at pc=0x000000006ee76520, pid=11784, tid=7448
#
# JRE version: Java(TM) SE Runtime Environment (8.0_73-b02) (build 1.8.0_73-b02)
# Java VM: Java HotSpot(TM) 64-Bit Server VM (25.73-b02 mixed mode windows-amd64 compressed oops)
# Problematic frame:
# C  [xuggle5432585997207170333.dll+0x736520]
#
# Failed to write core dump. Minidumps are not enabled by default on client versions of Windows
#
# If you would like to submit a bug report, please visit:
#   http://bugreport.java.com/bugreport/crash.jsp
# The crash happened outside the Java Virtual Machine in native code.
# See problematic frame for where to report the bug.
#

---------------  T H R E A D  ---------------

Current thread (0x000000001a2c5800):  JavaThread "AWT-EventQueue-0" [_thread_in_native, id=7448, stack(0x000000001b2a0000,0x000000001b3a0000)]

siginfo: ExceptionCode=0xc0000005, reading address 0xffffffffffffffff

Registers:
RAX=0x000000001b59a890, RBX=0x000000001d4efeb0, RCX=0x000000001b59a890, RDX=0x0000000000000009
RSP=0x000000001b39b440, RBP=0x000000001b599fd0, RSI=0x000000001b59b890, RDI=0x0000000000000004
R8 =0x000000006ee77580, R9 =0x000000006ee76490, R10=0x000000001b59d670, R11=0x000000001d55e7c0
R12=0x000000001d55efc0, R13=0x0000000000000004, R14=0x0000000000000184, R15=0x000000006fab8f20
RIP=0x000000006ee76520, EFLAGS=0x0000000000010202

Top of Stack: (sp=0x000000001b39b440)
0x000000001b39b440:   000000006ee76665 000000006ee774c5
0x000000001b39b450:   000000006ee77505 000000006ee77545
0x000000001b39b460:   000000006ee77585 000000006ee79426
0x000000001b39b470:   000000006fab8f20 000000001b59a890
0x000000001b39b480:   000000001d4f2370 000000001c24e878
0x000000001b39b490:   3fe0000000000000 0000000000000000
0x000000001b39b4a0:   40c7760000000000 0000000000000000
0x000000001b39b4b0:   3fe0000000000000 0000000000000001
0x000000001b39b4c0:   000000001d4f3370 000000006ea45d24
0x000000001b39b4d0:   3f40624dd2f1a9fc 0000000000000000
0x000000001b39b4e0:   0000000000000000 0000000000000000
0x000000001b39b4f0:   0000000000000000 0000000000000000
0x000000001b39b500:   000000001d4fc270 000000006fab7320
0x000000001b39b510:   000000001d676dc0 000000001d4efe10
0x000000001b39b520:   0000000000000001 000000001b599fd0
0x000000001b39b530:   000000001b59a050 0000000000000000 

Instructions: (pc=0x000000006ee76520)
0x000000006ee76500:   c4 e3 5d 0c c0 55 c5 e4 5c c8 c5 e4 58 c0 c5 fc
0x000000006ee76510:   29 01 c5 fc 29 49 20 c3 0f 1f 84 00 00 00 00 00
0x000000006ee76520:   c5 fc 28 51 40 c5 fc 28 59 60 c5 ec 5c fb c5 ec
0x000000006ee76530:   58 d3 c5 c4 57 3d 26 41 84 00 c5 ec c6 df be c5 


Register to memory mapping:

RAX=0x000000001b59a890 is an unknown value
RBX=0x000000001d4efeb0 is an unknown value
RCX=0x000000001b59a890 is an unknown value
RDX=0x0000000000000009 is an unknown value
RSP=0x000000001b39b440 is pointing into the stack for thread: 0x000000001a2c5800
RBP=0x000000001b599fd0 is an unknown value
RSI=0x000000001b59b890 is an unknown value
RDI=0x0000000000000004 is an unknown value
R8 =0x000000006ee77580 is an unknown value
R9 =0x000000006ee76490 is an unknown value
R10=0x000000001b59d670 is an unknown value
R11=0x000000001d55e7c0 is an unknown value
R12=0x000000001d55efc0 is an unknown value
R13=0x0000000000000004 is an unknown value
R14=0x0000000000000184 is an unknown value
R15=0x000000006fab8f20 is an unknown value


Stack: [0x000000001b2a0000,0x000000001b3a0000],  sp=0x000000001b39b440,  free space=1005k
Native frames: (J=compiled Java code, j=interpreted, Vv=VM code, C=native code)
C  [xuggle5432585997207170333.dll+0x736520]

Java frames: (J=compiled Java code, j=interpreted, Vv=VM code)
j  com.xuggle.xuggler.XugglerJNI.IContainer_open__SWIG_1(JLcom/xuggle/xuggler/IContainer;Ljava/lang/String;IJLcom/xuggle/xuggler/IContainerFormat;ZZ)I+0
j  com.xuggle.xuggler.IContainer.open(Ljava/lang/String;Lcom/xuggle/xuggler/IContainer$Type;Lcom/xuggle/xuggler/IContainerFormat;ZZ)I+19
j  com.xuggle.mediatool.MediaReader.open()V+20
j  com.xuggle.mediatool.MediaReader.readPacket()Lcom/xuggle/xuggler/IError;+8
j  chutesAndLadders.VideoPlayer.<init>()V+25
j  chutesAndLadders.ChutesAndLadders.<init>([Ljava/lang/String;)V+703
j  chutesAndLadders.PlayerInfo$1.actionPerformed(Ljava/awt/event/ActionEvent;)V+52
j  javax.swing.AbstractButton.fireActionPerformed(Ljava/awt/event/ActionEvent;)V+83
j  javax.swing.AbstractButton$Handler.actionPerformed(Ljava/awt/event/ActionEvent;)V+5
j  javax.swing.DefaultButtonModel.fireActionPerformed(Ljava/awt/event/ActionEvent;)V+34
j  javax.swing.DefaultButtonModel.setPressed(Z)V+117
j  javax.swing.plaf.basic.BasicButtonListener.mouseReleased(Ljava/awt/event/MouseEvent;)V+35
j  java.awt.Component.processMouseEvent(Ljava/awt/event/MouseEvent;)V+64
j  javax.swing.JComponent.processMouseEvent(Ljava/awt/event/MouseEvent;)V+23
j  java.awt.Component.processEvent(Ljava/awt/AWTEvent;)V+81
j  java.awt.Container.processEvent(Ljava/awt/AWTEvent;)V+18
j  java.awt.Component.dispatchEventImpl(Ljava/awt/AWTEvent;)V+589
j  java.awt.Container.dispatchEventImpl(Ljava/awt/AWTEvent;)V+42
j  java.awt.Component.dispatchEvent(Ljava/awt/AWTEvent;)V+2
j  java.awt.LightweightDispatcher.retargetMouseEvent(Ljava/awt/Component;ILjava/awt/event/MouseEvent;)V+327
j  java.awt.LightweightDispatcher.processMouseEvent(Ljava/awt/event/MouseEvent;)Z+155
j  java.awt.LightweightDispatcher.dispatchEvent(Ljava/awt/AWTEvent;)Z+50
j  java.awt.Container.dispatchEventImpl(Ljava/awt/AWTEvent;)V+12
j  java.awt.Window.dispatchEventImpl(Ljava/awt/AWTEvent;)V+19
j  java.awt.Component.dispatchEvent(Ljava/awt/AWTEvent;)V+2
j  java.awt.EventQueue.dispatchEventImpl(Ljava/awt/AWTEvent;Ljava/lang/Object;)V+41
j  java.awt.EventQueue.access$500(Ljava/awt/EventQueue;Ljava/awt/AWTEvent;Ljava/lang/Object;)V+3
j  java.awt.EventQueue$3.run()Ljava/lang/Void;+32
j  java.awt.EventQueue$3.run()Ljava/lang/Object;+1
v  ~StubRoutines::call_stub
J 506  java.security.AccessController.doPrivileged(Ljava/security/PrivilegedAction;Ljava/security/AccessControlContext;)Ljava/lang/Object; (0 bytes) @ 0x0000000002616ea6 [0x0000000002616e40+0x66]
j  java.security.ProtectionDomain$JavaSecurityAccessImpl.doIntersectionPrivilege(Ljava/security/PrivilegedAction;Ljava/security/AccessControlContext;Ljava/security/AccessControlContext;)Ljava/lang/Object;+18
j  java.security.ProtectionDomain$JavaSecurityAccessImpl.doIntersectionPrivilege(Ljava/security/PrivilegedAction;Ljava/security/AccessControlContext;)Ljava/lang/Object;+6
j  java.awt.EventQueue$4.run()Ljava/lang/Void;+11
j  java.awt.EventQueue$4.run()Ljava/lang/Object;+1
v  ~StubRoutines::call_stub
j  java.security.AccessController.doPrivileged(Ljava/security/PrivilegedAction;Ljava/security/AccessControlContext;)Ljava/lang/Object;+0
j  java.security.ProtectionDomain$JavaSecurityAccessImpl.doIntersectionPrivilege(Ljava/security/PrivilegedAction;Ljava/security/AccessControlContext;Ljava/security/AccessControlContext;)Ljava/lang/Object;+18
j  java.awt.EventQueue.dispatchEvent(Ljava/awt/AWTEvent;)V+73
j  java.awt.EventDispatchThread.pumpOneEventForFilters(I)V+245
j  java.awt.EventDispatchThread.pumpEventsForFilter(ILjava/awt/Conditional;Ljava/awt/EventFilter;)V+35
j  java.awt.EventDispatchThread.pumpEventsForHierarchy(ILjava/awt/Conditional;Ljava/awt/Component;)V+11
j  java.awt.EventDispatchThread.pumpEvents(ILjava/awt/Conditional;)V+4
j  java.awt.EventDispatchThread.pumpEvents(Ljava/awt/Conditional;)V+3
j  java.awt.EventDispatchThread.run()V+9
v  ~StubRoutines::call_stub

---------------  P R O C E S S  ---------------

Java Threads: ( => current thread )
  0x000000001a428800 JavaThread "Image Fetcher 0" daemon [_thread_blocked, id=17752, stack(0x000000001c3c0000,0x000000001c4c0000)]
  0x000000001a331800 JavaThread "TimerQueue" daemon [_thread_blocked, id=20036, stack(0x000000001c0c0000,0x000000001c1c0000)]
  0x00000000023ed800 JavaThread "DestroyJavaVM" [_thread_blocked, id=8172, stack(0x00000000009a0000,0x0000000000aa0000)]
=>0x000000001a2c5800 JavaThread "AWT-EventQueue-0" [_thread_in_native, id=7448, stack(0x000000001b2a0000,0x000000001b3a0000)]
  0x000000001a1f1000 JavaThread "AWT-Windows" daemon [_thread_in_native, id=18624, stack(0x000000001ac90000,0x000000001ad90000)]
  0x000000001a1a9000 JavaThread "AWT-Shutdown" [_thread_blocked, id=2164, stack(0x000000001ab90000,0x000000001ac90000)]
  0x000000001989c800 JavaThread "Java2D Disposer" daemon [_thread_blocked, id=4156, stack(0x000000001aa90000,0x000000001ab90000)]
  0x0000000019578000 JavaThread "Service Thread" daemon [_thread_blocked, id=16332, stack(0x0000000019eb0000,0x0000000019fb0000)]
  0x00000000194ed000 JavaThread "C1 CompilerThread3" daemon [_thread_blocked, id=7328, stack(0x0000000019db0000,0x0000000019eb0000)]
  0x00000000194e3800 JavaThread "C2 CompilerThread2" daemon [_thread_blocked, id=10196, stack(0x0000000019cb0000,0x0000000019db0000)]
  0x00000000194da800 JavaThread "C2 CompilerThread1" daemon [_thread_blocked, id=10136, stack(0x0000000019bb0000,0x0000000019cb0000)]
  0x00000000194d7800 JavaThread "C2 CompilerThread0" daemon [_thread_blocked, id=7308, stack(0x0000000019ab0000,0x0000000019bb0000)]
  0x00000000194d5800 JavaThread "Attach Listener" daemon [_thread_blocked, id=12600, stack(0x00000000199b0000,0x0000000019ab0000)]
  0x00000000194d4800 JavaThread "Signal Dispatcher" daemon [_thread_blocked, id=16972, stack(0x00000000198b0000,0x00000000199b0000)]
  0x00000000022ea000 JavaThread "Finalizer" daemon [_thread_blocked, id=6800, stack(0x00000000192d0000,0x00000000193d0000)]
  0x00000000173cd800 JavaThread "Reference Handler" daemon [_thread_blocked, id=6040, stack(0x00000000191d0000,0x00000000192d0000)]

Other Threads:
  0x00000000173c8000 VMThread [stack: 0x00000000190d0000,0x00000000191d0000] [id=19164]
  0x000000001959c000 WatcherThread [stack: 0x0000000019fb0000,0x000000001a0b0000] [id=1204]

VM state:not at safepoint (normal execution)

VM Mutex/Monitor currently owned by a thread: None

Heap:
 PSYoungGen      total 38400K, used 23457K [0x00000000d5b00000, 0x00000000d8580000, 0x0000000100000000)
  eden space 33280K, 70% used [0x00000000d5b00000,0x00000000d71e87a8,0x00000000d7b80000)
  from space 5120K, 0% used [0x00000000d8080000,0x00000000d8080000,0x00000000d8580000)
  to   space 5120K, 0% used [0x00000000d7b80000,0x00000000d7b80000,0x00000000d8080000)
 ParOldGen       total 87552K, used 0K [0x0000000081000000, 0x0000000086580000, 0x00000000d5b00000)
  object space 87552K, 0% used [0x0000000081000000,0x0000000081000000,0x0000000086580000)
 Metaspace       used 12971K, capacity 13214K, committed 13568K, reserved 1060864K
  class space    used 1671K, capacity 1735K, committed 1792K, reserved 1048576K

Card table byte_map: [0x00000000117b0000,0x0000000011bb0000] byte_map_base: 0x00000000113a8000

Marking Bits: (ParMarkBitMap*) 0x000000005fd20600
 Begin Bits: [0x0000000012660000, 0x0000000014620000)
 End Bits:   [0x0000000014620000, 0x00000000165e0000)

Polling page: 0x0000000000aa0000

CodeCache: size=245760Kb used=2911Kb max_used=2911Kb free=242848Kb
 bounds [0x00000000023f0000, 0x00000000026d0000, 0x00000000113f0000]
 total_blobs=1313 nmethods=758 adapters=468
 compilation: enabled

Compilation events (10 events):
Event: 9.184 Thread 0x00000000194ed000  754       3       java.net.URLClassLoader$1::run (5 bytes)
Event: 9.184 Thread 0x00000000194ed000 nmethod 754 0x00000000026c6b90 code [0x00000000026c6d00, 0x00000000026c6ea8]
Event: 9.184 Thread 0x00000000194ed000  755   !   3       java.net.URLClassLoader$1::run (63 bytes)
Event: 9.185 Thread 0x00000000194ed000 nmethod 755 0x00000000026c6f50 code [0x00000000026c7120, 0x00000000026c7648]
Event: 9.185 Thread 0x00000000194ed000  756  s    3       sun.misc.Resource::cachedInputStream (20 bytes)
Event: 9.185 Thread 0x00000000194ed000 nmethod 756 0x00000000026c7910 code [0x00000000026c7a80, 0x00000000026c7e68]
Event: 9.186 Thread 0x00000000194ed000  757  s!   3       java.net.URLStreamHandler::getHostAddress (54 bytes)
Event: 9.188 Thread 0x00000000194ed000 nmethod 757 0x00000000026c7f10 code [0x00000000026c80c0, 0x00000000026c8878]
Event: 9.193 Thread 0x00000000194ed000  758       3       java.util.zip.ZipEntry::<init> (146 bytes)
Event: 9.194 Thread 0x00000000194ed000 nmethod 758 0x00000000026c8bd0 code [0x00000000026c8d60, 0x00000000026c9188]

GC Heap History (0 events):
No events

Deoptimization events (5 events):
Event: 0.561 Thread 0x00000000023ed800 Uncommon trap: reason=null_check action=make_not_entrant pc=0x0000000002559a9c method=java.lang.String.equals(Ljava/lang/Object;)Z @ 8
Event: 3.934 Thread 0x000000001a2c5800 Uncommon trap: reason=class_check action=maybe_recompile pc=0x00000000025749a8 method=java.lang.String.equals(Ljava/lang/Object;)Z @ 8
Event: 3.934 Thread 0x000000001a2c5800 Uncommon trap: reason=class_check action=maybe_recompile pc=0x00000000025749a8 method=java.lang.String.equals(Ljava/lang/Object;)Z @ 8
Event: 4.529 Thread 0x000000001a2c5800 Uncommon trap: reason=class_check action=maybe_recompile pc=0x00000000025749a8 method=java.lang.String.equals(Ljava/lang/Object;)Z @ 8
Event: 4.529 Thread 0x000000001a2c5800 Uncommon trap: reason=class_check action=maybe_recompile pc=0x00000000025749a8 method=java.lang.String.equals(Ljava/lang/Object;)Z @ 8

Internal exceptions (10 events):
Event: 0.561 Thread 0x00000000023ed800 Implicit null exception at 0x00000000025598db to 0x0000000002559a8d
Event: 5.642 Thread 0x000000001a2c5800 Exception <a 'java/security/PrivilegedActionException'> (0x00000000d63907e8) thrown at [D:\re\puppet\workspace\8-2-build-windows-amd64-cygwin\jdk8u73\6086\hotspot\src\share\vm\prims\jvm.cpp, line 1386]
Event: 5.642 Thread 0x000000001a2c5800 Exception <a 'java/security/PrivilegedActionException'> (0x00000000d6390dc8) thrown at [D:\re\puppet\workspace\8-2-build-windows-amd64-cygwin\jdk8u73\6086\hotspot\src\share\vm\prims\jvm.cpp, line 1386]
Event: 5.642 Thread 0x000000001a2c5800 Exception <a 'java/security/PrivilegedActionException'> (0x00000000d63924b8) thrown at [D:\re\puppet\workspace\8-2-build-windows-amd64-cygwin\jdk8u73\6086\hotspot\src\share\vm\prims\jvm.cpp, line 1386]
Event: 5.642 Thread 0x000000001a2c5800 Exception <a 'java/security/PrivilegedActionException'> (0x00000000d6392a98) thrown at [D:\re\puppet\workspace\8-2-build-windows-amd64-cygwin\jdk8u73\6086\hotspot\src\share\vm\prims\jvm.cpp, line 1386]
Event: 5.643 Thread 0x000000001a2c5800 Exception <a 'java/security/PrivilegedActionException'> (0x00000000d669bc28) thrown at [D:\re\puppet\workspace\8-2-build-windows-amd64-cygwin\jdk8u73\6086\hotspot\src\share\vm\prims\jvm.cpp, line 1386]
Event: 5.643 Thread 0x000000001a2c5800 Exception <a 'java/security/PrivilegedActionException'> (0x00000000d669c208) thrown at [D:\re\puppet\workspace\8-2-build-windows-amd64-cygwin\jdk8u73\6086\hotspot\src\share\vm\prims\jvm.cpp, line 1386]
Event: 5.643 Thread 0x000000001a2c5800 Exception <a 'java/security/PrivilegedActionException'> (0x00000000d669d828) thrown at [D:\re\puppet\workspace\8-2-build-windows-amd64-cygwin\jdk8u73\6086\hotspot\src\share\vm\prims\jvm.cpp, line 1386]
Event: 5.643 Thread 0x000000001a2c5800 Exception <a 'java/security/PrivilegedActionException'> (0x00000000d669de08) thrown at [D:\re\puppet\workspace\8-2-build-windows-amd64-cygwin\jdk8u73\6086\hotspot\src\share\vm\prims\jvm.cpp, line 1386]
Event: 6.296 Thread 0x000000001a2c5800 Exception <a 'java/io/FileNotFoundException'> (0x00000000d6edaa60) thrown at [D:\re\puppet\workspace\8-2-build-windows-amd64-cygwin\jdk8u73\6086\hotspot\src\share\vm\prims\jni.cpp, line 709]

Events (10 events):
Event: 9.189 loading class javax/sound/sampled/DataLine$Info
Event: 9.189 loading class javax/sound/sampled/DataLine$Info done
Event: 9.190 loading class com/xuggle/mediatool/IMediaViewer$Mode
Event: 9.190 loading class com/xuggle/mediatool/IMediaViewer$Mode done
Event: 9.191 loading class com/xuggle/xuggler/IContainer$Type
Event: 9.191 loading class com/xuggle/xuggler/IContainer$Type done
Event: 9.192 loading class com/xuggle/xuggler/IContainer$Type$SwigNext
Event: 9.192 loading class com/xuggle/xuggler/IContainer$Type$SwigNext done
Event: 9.193 loading class com/xuggle/xuggler/IContainerFormat
Event: 9.193 loading class com/xuggle/xuggler/IContainerFormat done


Dynamic libraries:
0x00007ff6f3cc0000 - 0x00007ff6f3cf7000 	C:\Program Files\Java\jre1.8.0_73\bin\javaw.exe
0x00007ff97e160000 - 0x00007ff97e321000 	C:\WINDOWS\SYSTEM32\ntdll.dll
0x00007ff97dd20000 - 0x00007ff97ddcd000 	C:\WINDOWS\system32\KERNEL32.DLL
0x00007ff97b0d0000 - 0x00007ff97b2b8000 	C:\WINDOWS\system32\KERNELBASE.dll
0x00007ff97c180000 - 0x00007ff97c227000 	C:\WINDOWS\system32\ADVAPI32.dll
0x00007ff97c3f0000 - 0x00007ff97c48d000 	C:\WINDOWS\system32\msvcrt.dll
0x00007ff97b990000 - 0x00007ff97b9eb000 	C:\WINDOWS\system32\sechost.dll
0x00007ff97b9f0000 - 0x00007ff97bb0c000 	C:\WINDOWS\system32\RPCRT4.dll
0x00007ff97c500000 - 0x00007ff97c656000 	C:\WINDOWS\system32\USER32.dll
0x00007ff97bb10000 - 0x00007ff97bc96000 	C:\WINDOWS\system32\GDI32.dll
0x00007ff96fa10000 - 0x00007ff96fc84000 	C:\WINDOWS\WinSxS\amd64_microsoft.windows.common-controls_6595b64144ccf1df_6.0.10586.0_none_8c15ae12515e1c22\COMCTL32.dll
0x00007ff97bea0000 - 0x00007ff97c11d000 	C:\WINDOWS\system32\combase.dll
0x00007ff97a8a0000 - 0x00007ff97a90a000 	C:\WINDOWS\system32\bcryptPrimitives.dll
0x00007ff97e120000 - 0x00007ff97e15b000 	C:\WINDOWS\system32\IMM32.DLL
0x000000005f2c0000 - 0x000000005f392000 	C:\Program Files\Java\jre1.8.0_73\bin\msvcr100.dll
0x000000005f510000 - 0x000000005fda0000 	C:\Program Files\Java\jre1.8.0_73\bin\server\jvm.dll
0x00007ff97c3e0000 - 0x00007ff97c3e8000 	C:\WINDOWS\system32\PSAPI.DLL
0x00007ff96abc0000 - 0x00007ff96abc9000 	C:\WINDOWS\SYSTEM32\WSOCK32.dll
0x00007ff96e4c0000 - 0x00007ff96e4ca000 	C:\WINDOWS\SYSTEM32\VERSION.dll
0x00007ff978a00000 - 0x00007ff978a23000 	C:\WINDOWS\SYSTEM32\WINMM.dll
0x00007ff97c490000 - 0x00007ff97c4fb000 	C:\WINDOWS\system32\WS2_32.dll
0x00007ff978830000 - 0x00007ff97885c000 	C:\WINDOWS\SYSTEM32\WINMMBASE.dll
0x00007ff97b2c0000 - 0x00007ff97b303000 	C:\WINDOWS\system32\cfgmgr32.dll
0x000000005f500000 - 0x000000005f50f000 	C:\Program Files\Java\jre1.8.0_73\bin\verify.dll
0x000000005f4d0000 - 0x000000005f4f9000 	C:\Program Files\Java\jre1.8.0_73\bin\java.dll
0x000000005f4b0000 - 0x000000005f4c6000 	C:\Program Files\Java\jre1.8.0_73\bin\zip.dll
0x00007ff97c7c0000 - 0x00007ff97dd1c000 	C:\WINDOWS\system32\SHELL32.dll
0x00007ff97a910000 - 0x00007ff97af55000 	C:\WINDOWS\system32\windows.storage.dll
0x00007ff97de90000 - 0x00007ff97dee2000 	C:\WINDOWS\system32\shlwapi.dll
0x00007ff97a7f0000 - 0x00007ff97a7ff000 	C:\WINDOWS\system32\kernel.appcore.dll
0x00007ff97b010000 - 0x00007ff97b0c5000 	C:\WINDOWS\system32\shcore.dll
0x00007ff97a7a0000 - 0x00007ff97a7eb000 	C:\WINDOWS\system32\powrprof.dll
0x00007ff97a780000 - 0x00007ff97a794000 	C:\WINDOWS\system32\profapi.dll
0x000000005f120000 - 0x000000005f2b8000 	C:\Program Files\Java\jre1.8.0_73\bin\awt.dll
0x00007ff97bdb0000 - 0x00007ff97be71000 	C:\WINDOWS\system32\OLEAUT32.dll
0x00007ff978f80000 - 0x00007ff978ff9000 	C:\WINDOWS\system32\apphelp.dll
0x00007ff977e00000 - 0x00007ff977e22000 	C:\WINDOWS\system32\DWMAPI.DLL
0x00007ff9791e0000 - 0x00007ff979276000 	C:\WINDOWS\system32\uxtheme.dll
0x00007ff97c660000 - 0x00007ff97c7ba000 	C:\WINDOWS\system32\MSCTF.dll
0x00007ff96c370000 - 0x00007ff96c413000 	C:\Program Files\Common Files\microsoft shared\ink\tiptsf.dll
0x00007ff97df00000 - 0x00007ff97e043000 	C:\WINDOWS\system32\ole32.dll
0x000000005f0d0000 - 0x000000005f117000 	C:\Program Files\Java\jre1.8.0_73\bin\fontmanager.dll
0x000000005f490000 - 0x000000005f4aa000 	C:\Program Files\Java\jre1.8.0_73\bin\net.dll
0x00007ff97a050000 - 0x00007ff97a0ac000 	C:\WINDOWS\system32\mswsock.dll
0x000000005f470000 - 0x000000005f481000 	C:\Program Files\Java\jre1.8.0_73\bin\nio.dll
0x000000005f080000 - 0x000000005f0c2000 	C:\Program Files\Java\jre1.8.0_73\bin\t2k.dll
0x00007ff97ddd0000 - 0x00007ff97de77000 	C:\WINDOWS\system32\clbcatq.dll
0x00007ff96b800000 - 0x00007ff96b95c000 	C:\Windows\System32\uiautomationcore.dll
0x00007ff979ee0000 - 0x00007ff979eff000 	C:\Windows\System32\USERENV.dll
0x00007ff97a610000 - 0x00007ff97a6a9000 	C:\WINDOWS\SYSTEM32\sxs.dll
0x00007ff96ff30000 - 0x00007ff96ff9a000 	C:\Windows\System32\OLEACC.dll
0x00007ff96e350000 - 0x00007ff96e401000 	C:\WINDOWS\SYSTEM32\twinapi.dll
0x00007ff979280000 - 0x00007ff979380000 	C:\WINDOWS\SYSTEM32\twinapi.appcore.dll
0x00007ff97a6b0000 - 0x00007ff97a6d9000 	C:\WINDOWS\SYSTEM32\bcrypt.dll
0x00007ff9760c0000 - 0x00007ff976271000 	C:\WINDOWS\SYSTEM32\WindowsCodecs.dll
0x00007ff96ce00000 - 0x00007ff96ce4a000 	C:\WINDOWS\system32\dataexchange.dll
0x00007ff9771a0000 - 0x00007ff977448000 	C:\WINDOWS\system32\d3d11.dll
0x00007ff978b80000 - 0x00007ff978c63000 	C:\WINDOWS\system32\dcomp.dll
0x00007ff976920000 - 0x00007ff9769c3000 	C:\WINDOWS\system32\dxgi.dll
0x00007ff96aaa0000 - 0x00007ff96aafc000 	C:\WINDOWS\system32\Ninput.dll
0x00007ff97a100000 - 0x00007ff97a117000 	C:\WINDOWS\SYSTEM32\CRYPTSP.dll
0x00007ff979d90000 - 0x00007ff979dc4000 	C:\WINDOWS\system32\rsaenh.dll
0x00007ff97a220000 - 0x00007ff97a22b000 	C:\WINDOWS\SYSTEM32\CRYPTBASE.dll
0x00007ff978170000 - 0x00007ff9781a8000 	C:\WINDOWS\SYSTEM32\IPHLPAPI.DLL
0x00007ff97def0000 - 0x00007ff97def8000 	C:\WINDOWS\system32\NSI.dll
0x00007ff96f730000 - 0x00007ff96f746000 	C:\WINDOWS\SYSTEM32\dhcpcsvc6.DLL
0x00007ff96f650000 - 0x00007ff96f66a000 	C:\WINDOWS\SYSTEM32\dhcpcsvc.DLL
0x000000005f040000 - 0x000000005f071000 	C:\Program Files\Java\jre1.8.0_73\bin\jpeg.dll
0x000000006e740000 - 0x000000006fda5000 	C:\Users\Ariella\AppData\Local\Temp\xuggle\xuggle5432585997207170333.dll
0x00007ff96d160000 - 0x00007ff96d178000 	C:\WINDOWS\SYSTEM32\AVICAP32.dll
0x00007ff957c60000 - 0x00007ff957c89000 	C:\WINDOWS\SYSTEM32\MSVFW32.dll
0x00007ff9604b0000 - 0x00007ff96063c000 	C:\WINDOWS\SYSTEM32\dbghelp.dll

VM Arguments:
jvm_args: -Dfile.encoding=UTF-8 
java_command: chutesAndLadders.GameMenu
java_class_path (initial): C:\Program Files\Java\jre1.8.0_73\lib\ext\jfxrt.jar;C:\Users\Ariella\Documents\Touro College\Data Structures II\Chutes_and_Ladders\target\classes;C:\Users\Ariella\.m2\repository\xuggle\xuggle-xuggler\5.4\xuggle-xuggler-5.4.jar;C:\Users\Ariella\.m2\repository\org\slf4j\slf4j-api\1.6.4\slf4j-api-1.6.4.jar;C:\Users\Ariella\.m2\repository\commons-cli\commons-cli\1.1\commons-cli-1.1.jar;C:\Users\Ariella\.m2\repository\ch\qos\logback\logback-core\1.0.0\logback-core-1.0.0.jar;C:\Users\Ariella\.m2\repository\ch\qos\logback\logback-classic\1.0.0\logback-classic-1.0.0.jar
Launcher Type: SUN_STANDARD

Environment Variables:
PATH=C:/Program Files/Java/jre1.8.0_73/bin/server;C:/Program Files/Java/jre1.8.0_73/bin;C:/Program Files/Java/jre1.8.0_73/lib/amd64;C:\ProgramData\Oracle\Java\javapath;C:\Program Files (x86)\Intel\iCLS Client\;C:\Program Files\Intel\iCLS Client\;C:\WINDOWS\system32;C:\WINDOWS;C:\WINDOWS\System32\Wbem;C:\WINDOWS\System32\WindowsPowerShell\v1.0\;C:\Program Files\Hewlett-Packard\SimplePass\;C:\Program Files\Git\cmd;C:\Program Files\Microsoft SQL Server\Client SDK\ODBC\110\Tools\Binn\;C:\Program Files (x86)\Microsoft SQL Server\120\Tools\Binn\;C:\Program Files\Microsoft SQL Server\120\Tools\Binn\;C:\Program Files\Microsoft SQL Server\120\DTS\Binn\;C:\Program Files (x86)\Microsoft SQL Server\120\Tools\Binn\ManagementStudio\;C:\Program Files (x86)\Microsoft SQL Server\120\DTS\Binn\;C:\Program Files (x86)\MySQL\MySQL Fabric 1.5 & MySQL Utilities 1.5\;C:\Program Files (x86)\MySQL\MySQL Fabric 1.5 & MySQL Utilities 1.5\Doctrine extensions for PHP\;C:\Program Files (x86)\Intel\Intel(R) Management Engine Components\DAL;C:\Program Files\Intel\Intel(R) Management Engine Components\DAL;C:\Program Files (x86)\Intel\Intel(R) Management Engine Components\IPT;C:\Program Files\Intel\Intel(R) Management Engine Components\IPT;C:\Program Files (x86)\nodejs\;C:\WINDOWS\system32\config\systemprofile\.dnx\bin;C:\Program Files\Microsoft DNX\Dnvm\;C:\Users\Ariella\AppData\Roaming\npm;C:\Users\Ariella\Downloads\eclipse-java-luna-SR2-win32-x86_64\eclipse;
USERNAME=Ariella
OS=Windows_NT
PROCESSOR_IDENTIFIER=Intel64 Family 6 Model 60 Stepping 3, GenuineIntel



---------------  S Y S T E M  ---------------

OS: Windows 10.0 , 64 bit Build 10586 (10.0.10586.0)

CPU:total 8 (4 cores per cpu, 2 threads per core) family 6 model 60 stepping 3, cmov, cx8, fxsr, mmx, sse, sse2, sse3, ssse3, sse4.1, sse4.2, popcnt, avx, avx2, aes, clmul, erms, lzcnt, ht, tsc, tscinvbit, bmi1, bmi2

Memory: 4k page, physical 8317080k(2290500k free), swap 11537056k(2372492k free)

vm_info: Java HotSpot(TM) 64-Bit Server VM (25.73-b02) for windows-amd64 JRE (1.8.0_73-b02), built on Jan 29 2016 17:38:49 by "java_re" with MS VC++ 10.0 (VS2010)

time: Thu Apr 07 23:11:36 2016
elapsed time: 9 seconds (0d 0h 0m 9s)

